Using pre-set license
Built from '2020.3/staging' branch; Version is '2020.3.28f1 (f5400f52e03f) revision 16072719'; Using compiler version '192528614'; Build Type 'Release'
OS: 'Windows 10  (10.0.18362) 64bit Enterprise' Language: 'en' Physical Memory: 16165 MB
BatchMode: 1, IsHumanControllingUs: 0, StartBugReporterOnCrash: 0, Is64bit: 1, IsPro: 0

COMMAND LINE ARGUMENTS:
C:\Program Files\Unity\Hub\Editor\2020.3.28f1\Editor\Unity.exe
-adb2
-batchMode
-noUpm
-name
AssetImportWorker0
-projectPath
C:/Users/zhou1276/Documents/GitHub/Unity3DEx/Practice3D
-logFile
Logs/AssetImportWorker0.log
-srvPort
54293
Successfully changed project path to: C:/Users/zhou1276/Documents/GitHub/Unity3DEx/Practice3D
C:/Users/zhou1276/Documents/GitHub/Unity3DEx/Practice3D
Using Asset Import Pipeline V2.
Refreshing native plugins compatible for Editor in 27.25 ms, found 2 plugins.
Preloading 0 native plugins for Editor in 0.00 ms.
Initialize engine version: 2020.3.28f1 (f5400f52e03f)
[Subsystems] Discovering subsystems at path C:/Program Files/Unity/Hub/Editor/2020.3.28f1/Editor/Data/Resources/UnitySubsystems
[Subsystems] Discovering subsystems at path C:/Users/zhou1276/Documents/GitHub/Unity3DEx/Practice3D/Assets
GfxDevice: creating device client; threaded=0
Direct3D:
    Version:  Direct3D 11.0 [level 11.1]
    Renderer: Intel(R) UHD Graphics 630 (ID=0x3e92)
    Vendor:   
    VRAM:     8082 MB
    Driver:   27.20.100.8682
Initialize mono
Mono path[0] = 'C:/Program Files/Unity/Hub/Editor/2020.3.28f1/Editor/Data/Managed'
Mono path[1] = 'C:/Program Files/Unity/Hub/Editor/2020.3.28f1/Editor/Data/MonoBleedingEdge/lib/mono/unityjit'
Mono config path = 'C:/Program Files/Unity/Hub/Editor/2020.3.28f1/Editor/Data/MonoBleedingEdge/etc'
Using monoOptions --debugger-agent=transport=dt_socket,embedding=1,server=y,suspend=n,address=127.0.0.1:56340
Begin MonoManager ReloadAssembly
Registering precompiled unity dll's ...
Register platform support module: C:/Program Files/Unity/Hub/Editor/2020.3.28f1/Editor/Data/PlaybackEngines/WindowsStandaloneSupport/UnityEditor.WindowsStandalone.Extensions.dll
Registered in 0.001973 seconds.
Native extension for WindowsStandalone target not found
Refreshing native plugins compatible for Editor in 25.51 ms, found 2 plugins.
Preloading 0 native plugins for Editor in 0.00 ms.
Mono: successfully reloaded assembly
- Completed reload, in  0.527 seconds
Domain Reload Profiling:
	ReloadAssembly (527ms)
		BeginReloadAssembly (63ms)
			ExecutionOrderSort (0ms)
			DisableScriptedObjects (0ms)
			BackupInstance (0ms)
			ReleaseScriptingObjects (0ms)
			CreateAndSetChildDomain (1ms)
		EndReloadAssembly (397ms)
			LoadAssemblies (60ms)
			RebuildTransferFunctionScriptingTraits (0ms)
			SetupTypeCache (137ms)
			ReleaseScriptCaches (0ms)
			RebuildScriptCaches (27ms)
			SetupLoadedEditorAssemblies (135ms)
				LogAssemblyErrors (0ms)
				InitializePlatformSupportModulesInManaged (4ms)
				SetLoadedEditorAssemblies (0ms)
				RefreshPlugins (26ms)
				BeforeProcessingInitializeOnLoad (8ms)
				ProcessInitializeOnLoadAttributes (73ms)
				ProcessInitializeOnLoadMethodAttributes (25ms)
				AfterProcessingInitializeOnLoad (0ms)
				EditorAssembliesLoaded (0ms)
			ExecutionOrderSort2 (0ms)
			AwakeInstancesAfterBackupRestoration (0ms)
Platform modules already initialized, skipping
Registering precompiled user dll's ...
Registered in 0.004372 seconds.
Begin MonoManager ReloadAssembly
Native extension for WindowsStandalone target not found
Refreshing native plugins compatible for Editor in 0.29 ms, found 2 plugins.
Preloading 0 native plugins for Editor in 0.00 ms.
Mono: successfully reloaded assembly
- Completed reload, in  0.886 seconds
Domain Reload Profiling:
	ReloadAssembly (887ms)
		BeginReloadAssembly (135ms)
			ExecutionOrderSort (0ms)
			DisableScriptedObjects (4ms)
			BackupInstance (0ms)
			ReleaseScriptingObjects (0ms)
			CreateAndSetChildDomain (17ms)
		EndReloadAssembly (696ms)
			LoadAssemblies (85ms)
			RebuildTransferFunctionScriptingTraits (0ms)
			SetupTypeCache (250ms)
			ReleaseScriptCaches (0ms)
			RebuildScriptCaches (35ms)
			SetupLoadedEditorAssemblies (252ms)
				LogAssemblyErrors (0ms)
				InitializePlatformSupportModulesInManaged (4ms)
				SetLoadedEditorAssemblies (0ms)
				RefreshPlugins (0ms)
				BeforeProcessingInitializeOnLoad (47ms)
				ProcessInitializeOnLoadAttributes (186ms)
				ProcessInitializeOnLoadMethodAttributes (8ms)
				AfterProcessingInitializeOnLoad (7ms)
				EditorAssembliesLoaded (0ms)
			ExecutionOrderSort2 (0ms)
			AwakeInstancesAfterBackupRestoration (5ms)
Platform modules already initialized, skipping
========================================================================
Worker process is ready to serve import requests
Launched and connected shader compiler UnityShaderCompiler.exe after 0.05 seconds
Refreshing native plugins compatible for Editor in 0.28 ms, found 2 plugins.
Preloading 0 native plugins for Editor in 0.00 ms.
Unloading 1503 Unused Serialized files (Serialized files now loaded: 0)
System memory in use before: 67.5 MB.
System memory in use after: 67.6 MB.

Unloading 19 unused Assets to reduce memory usage. Loaded Objects now: 1935.
Total: 2.597100 ms (FindLiveObjects: 0.111000 ms CreateObjectMapping: 0.044200 ms MarkObjects: 2.376700 ms  DeleteObjects: 0.064400 ms)

AssetImportParameters requested are different than current active one (requested -> active):
  custom:framework-win-MediaFoundation: 216162199b28c13a410421893ffa2e32 -> 
  custom:video-decoder-ogg-theora: a1e56fd34408186e4bbccfd4996cb3dc -> 
  custom:container-muxer-webm: aa71ff27fc2769a1b78a27578f13a17b -> 
  custom:container-demuxer-webm: 4f35f7cbe854078d1ac9338744f61a02 -> 
  custom:container-demuxer-ogg: 62fdf1f143b41e24485cea50d1cbac27 -> 
  custom:video-encoder-webm-vp8: eb34c28f22e8b96e1ab97ce403110664 -> 
  custom:video-decoder-webm-vp8: 9c59270c3fd7afecdb556c50c9e8de78 -> 
  custom:audio-decoder-ogg-vorbis: bf7c407c2cedff20999df2af8eb42d56 -> 
  custom:audio-encoder-webm-vorbis: bf7c407c2cedff20999df2af8eb42d56 -> 
========================================================================
Received Import Request.
  path: Assets/Materials
  artifactKey: Guid(abec493d3a0fd404096f1420583e727d) Importer(815301076,1909f56bfc062723c751e8b465ee728b)
Start importing Assets/Materials using Guid(abec493d3a0fd404096f1420583e727d) Importer(815301076,1909f56bfc062723c751e8b465ee728b)  -> (artifact id: '323ee6df36c3edcdf03a868e4a7e7aec') in 0.005445 seconds 
  Import took 0.007384 seconds .

========================================================================
Received Import Request.
  Time since last request: 31.995634 seconds.
  path: Assets/Materials/Dirt.mat
  artifactKey: Guid(5fc623903191afe4c85e068c0d94f95a) Importer(815301076,1909f56bfc062723c751e8b465ee728b)
Start importing Assets/Materials/Dirt.mat using Guid(5fc623903191afe4c85e068c0d94f95a) Importer(815301076,1909f56bfc062723c751e8b465ee728b)  -> (artifact id: '5237b3fd398c61f6fca3ed5b5e10cc12') in 0.097365 seconds 
  Import took 0.100319 seconds .

========================================================================
Received Import Request.
  Time since last request: 309.373556 seconds.
  path: Assets/Materials/Dirt 1.mat
  artifactKey: Guid(0a5adf7810952e84e8ef30207614fc19) Importer(815301076,1909f56bfc062723c751e8b465ee728b)
Start importing Assets/Materials/Dirt 1.mat using Guid(0a5adf7810952e84e8ef30207614fc19) Importer(815301076,1909f56bfc062723c751e8b465ee728b)  -> (artifact id: '4df7b5e34f913545699ac7985f0d221d') in 0.017491 seconds 
  Import took 0.020293 seconds .

========================================================================
Received Import Request.
  Time since last request: 0.000471 seconds.
  path: Assets/Materials/Dirt.mat
  artifactKey: Guid(5fc623903191afe4c85e068c0d94f95a) Importer(815301076,1909f56bfc062723c751e8b465ee728b)
Start importing Assets/Materials/Dirt.mat using Guid(5fc623903191afe4c85e068c0d94f95a) Importer(815301076,1909f56bfc062723c751e8b465ee728b)  -> (artifact id: 'e0e0961016b998515f299be57d07d2e8') in 0.015699 seconds 
  Import took 0.019000 seconds .

========================================================================
Received Import Request.
  Time since last request: 9.942385 seconds.
  path: Assets/Materials/Grass.mat
  artifactKey: Guid(0a5adf7810952e84e8ef30207614fc19) Importer(815301076,1909f56bfc062723c751e8b465ee728b)
Start importing Assets/Materials/Grass.mat using Guid(0a5adf7810952e84e8ef30207614fc19) Importer(815301076,1909f56bfc062723c751e8b465ee728b)  -> (artifact id: 'cdda6f70ac1f6a6c3da9a4fe4b24a1de') in 0.017023 seconds 
  Import took 0.019834 seconds .

========================================================================
Received Import Request.
  Time since last request: 552.632877 seconds.
  path: Assets/PreFabs
  artifactKey: Guid(294da4fcc7a1ed34689b85fa8dacc212) Importer(815301076,1909f56bfc062723c751e8b465ee728b)
Start importing Assets/PreFabs using Guid(294da4fcc7a1ed34689b85fa8dacc212) Importer(815301076,1909f56bfc062723c751e8b465ee728b)  -> (artifact id: '8de852126bc4ddfe4b7e99dbfd16cd2f') in 0.004805 seconds 
  Import took 0.015239 seconds .

========================================================================
Received Import Request.
  Time since last request: 7.924695 seconds.
  path: Assets/PreFabs/Ground.prefab
  artifactKey: Guid(9a682f6ed093173478b7bae2585c94f3) Importer(815301076,1909f56bfc062723c751e8b465ee728b)
Start importing Assets/PreFabs/Ground.prefab using Guid(9a682f6ed093173478b7bae2585c94f3) Importer(815301076,1909f56bfc062723c751e8b465ee728b)  -> (artifact id: '66fec0f25d0675cd538804ef20658371') in 0.023731 seconds 
  Import took 0.026065 seconds .

AssetImportWorkerClient::OnTransportError - code=2 error=End of file
